<html>
<head>
<title>TestNG:  LoginBookShelf Chrome</title>
<link href="../testng.css" rel="stylesheet" type="text/css" />
<link href="../my-testng.css" rel="stylesheet" type="text/css" />

<style type="text/css">
.log { display: none;} 
.stack-trace { display: none;} 
</style>
<script type="text/javascript">
<!--
function flip(e) {
  current = e.style.display;
  if (current == 'block') {
    e.style.display = 'none';
    return 0;
  }
  else {
    e.style.display = 'block';
    return 1;
  }
}

function toggleBox(szDivId, elem, msg1, msg2)
{
  var res = -1;  if (document.getElementById) {
    res = flip(document.getElementById(szDivId));
  }
  else if (document.all) {
    // this is the way old msie versions work
    res = flip(document.all[szDivId]);
  }
  if(elem) {
    if(res == 0) elem.innerHTML = msg1; else elem.innerHTML = msg2;
  }

}

function toggleAllBoxes() {
  if (document.getElementsByTagName) {
    d = document.getElementsByTagName('div');
    for (i = 0; i < d.length; i++) {
      if (d[i].className == 'log') {
        flip(d[i]);
      }
    }
  }
}

// -->
</script>

</head>
<body>
<h2 align='center'>LoginBookShelf Chrome</h2><table border='1' align="center">
<tr>
<td>Tests passed/Failed/Skipped:</td><td>0/0/21</td>
</tr><tr>
<td>Started on:</td><td>Sat Nov 05 10:13:12 EDT 2016</td>
</tr>
<tr><td>Total time:</td><td>0 seconds (944 ms)</td>
</tr><tr>
<td>Included groups:</td><td></td>
</tr><tr>
<td>Excluded groups:</td><td></td>
</tr>
</table><p/>
<small><i>(Hover the method name to see the test class name)</i></small><p/>
<table width='100%' border='1' class='invocation-failed'>
<tr><td colspan='4' align='center'><b>FAILED CONFIGURATIONS</b></td></tr>
<tr><td><b>Test method</b></td>
<td width="30%"><b>Exception</b></td>
<td width="10%"><b>Time (seconds)</b></td>
<td><b>Instance</b></td>
</tr>
<tr>
<td title='Login.loginTest.openBrowser()'><b>openBrowser</b><br>Test class: Login.loginTest</td>
<td><div><pre>org.openqa.selenium.SessionNotCreatedException: Unable to create new remote session. desired capabilities = Capabilities [{browserName=MicrosoftEdge, version=, platform=WINDOWS}], required capabilities = Capabilities [{}]
Build info: version: &apos;3.0.1&apos;, revision: &apos;1969d75&apos;, time: &apos;2016-10-18 09:49:13 -0700&apos;
System info: host: &apos;Home24&apos;, ip: &apos;192.168.0.100&apos;, os.name: &apos;Windows 10&apos;, os.arch: &apos;amd64&apos;, os.version: &apos;10.0&apos;, java.version: &apos;1.8.0_111&apos;
Driver info: driver.version: EdgeDriver
	at org.openqa.selenium.remote.ProtocolHandshake.createSession(ProtocolHandshake.java:91)
	at org.openqa.selenium.remote.HttpCommandExecutor.execute(HttpCommandExecutor.java:141)
	at org.openqa.selenium.remote.service.DriverCommandExecutor.execute(DriverCommandExecutor.java:82)
	at org.openqa.selenium.remote.RemoteWebDriver.execute(RemoteWebDriver.java:601)
	at org.openqa.selenium.remote.RemoteWebDriver.startSession(RemoteWebDriver.java:241)
	at org.openqa.selenium.remote.RemoteWebDriver.&lt;init&gt;(RemoteWebDriver.java:128)
	at org.openqa.selenium.remote.RemoteWebDriver.&lt;init&gt;(RemoteWebDriver.java:141)
	at org.openqa.selenium.edge.EdgeDriver.&lt;init&gt;(EdgeDriver.java:152)
	at org.openqa.selenium.edge.EdgeDriver.&lt;init&gt;(EdgeDriver.java:141)
	at org.openqa.selenium.edge.EdgeDriver.&lt;init&gt;(EdgeDriver.java:98)
	at Login.loginTest.openBrowser(loginTest.java:49)
	at sun.reflect.NativeMethodAccessorImpl.invoke0(Native Method)
	at sun.reflect.NativeMethodAccessorImpl.invoke(Unknown Source)
	at sun.reflect.DelegatingMethodAccessorImpl.invoke(Unknown Source)
	at java.lang.reflect.Method.invoke(Unknown Source)
	at org.testng.internal.MethodInvocationHelper.invokeMethod(MethodInvocationHelper.java:100)
	at org.testng.internal.Invoker.invokeConfigurationMethod(Invoker.java:515)
	at org.testng.internal.Invoker.invokeConfigurations(Invoker.java:216)
	at org.testng.internal.Invoker.invokeConfigurations(Invoker.java:143)
	at org.testng.TestRunner.beforeRun(TestRunner.java:631)
	at org.testng.TestRunner.run(TestRunner.java:599)
	at org.testng.SuiteRunner.runTest(SuiteRunner.java:368)
	at org.testng.SuiteRunner.access$000(SuiteRunner.java:39)
	at org.testng.SuiteRunner$SuiteWorker.run(SuiteRunner.java:402)
	at org.testng.internal.thread.ThreadUtil$2.call(ThreadUtil.java:64)
	at java.util.concurrent.FutureTask.run(Unknown Source)
	at java.util.concurrent.ThreadPoolExecutor.runWorker(Unknown Source)
	at java.util.concurrent.ThreadPoolExecutor$Worker.run(Unknown Source)
	at java.lang.Thread.run(Unknown Source)
</pre></div><a href='#' onClick='toggleBox("stack-trace1143406293", this, "Click to show all stack frames", "Click to hide stack frames")'>Click to show all stack frames</a>
<div class='stack-trace' id='stack-trace1143406293'><pre>org.openqa.selenium.SessionNotCreatedException: Unable to create new remote session. desired capabilities = Capabilities [{browserName=MicrosoftEdge, version=, platform=WINDOWS}], required capabilities = Capabilities [{}]
Build info: version: &apos;3.0.1&apos;, revision: &apos;1969d75&apos;, time: &apos;2016-10-18 09:49:13 -0700&apos;
System info: host: &apos;Home24&apos;, ip: &apos;192.168.0.100&apos;, os.name: &apos;Windows 10&apos;, os.arch: &apos;amd64&apos;, os.version: &apos;10.0&apos;, java.version: &apos;1.8.0_111&apos;
Driver info: driver.version: EdgeDriver
	at org.openqa.selenium.remote.ProtocolHandshake.createSession(ProtocolHandshake.java:91)
	at org.openqa.selenium.remote.HttpCommandExecutor.execute(HttpCommandExecutor.java:141)
	at org.openqa.selenium.remote.service.DriverCommandExecutor.execute(DriverCommandExecutor.java:82)
	at org.openqa.selenium.remote.RemoteWebDriver.execute(RemoteWebDriver.java:601)
	at org.openqa.selenium.remote.RemoteWebDriver.startSession(RemoteWebDriver.java:241)
	at org.openqa.selenium.remote.RemoteWebDriver.&lt;init&gt;(RemoteWebDriver.java:128)
	at org.openqa.selenium.remote.RemoteWebDriver.&lt;init&gt;(RemoteWebDriver.java:141)
	at org.openqa.selenium.edge.EdgeDriver.&lt;init&gt;(EdgeDriver.java:152)
	at org.openqa.selenium.edge.EdgeDriver.&lt;init&gt;(EdgeDriver.java:141)
	at org.openqa.selenium.edge.EdgeDriver.&lt;init&gt;(EdgeDriver.java:98)
	at Login.loginTest.openBrowser(loginTest.java:49)
	at sun.reflect.NativeMethodAccessorImpl.invoke0(Native Method)
	at sun.reflect.NativeMethodAccessorImpl.invoke(Unknown Source)
	at sun.reflect.DelegatingMethodAccessorImpl.invoke(Unknown Source)
	at java.lang.reflect.Method.invoke(Unknown Source)
	at org.testng.internal.MethodInvocationHelper.invokeMethod(MethodInvocationHelper.java:100)
	at org.testng.internal.Invoker.invokeConfigurationMethod(Invoker.java:515)
	at org.testng.internal.Invoker.invokeConfigurations(Invoker.java:216)
	at org.testng.internal.Invoker.invokeConfigurations(Invoker.java:143)
	at org.testng.TestRunner.beforeRun(TestRunner.java:631)
	at org.testng.TestRunner.run(TestRunner.java:599)
	at org.testng.SuiteRunner.runTest(SuiteRunner.java:368)
	at org.testng.SuiteRunner.access$000(SuiteRunner.java:39)
	at org.testng.SuiteRunner$SuiteWorker.run(SuiteRunner.java:402)
	at org.testng.internal.thread.ThreadUtil$2.call(ThreadUtil.java:64)
	at java.util.concurrent.FutureTask.run(Unknown Source)
	at java.util.concurrent.ThreadPoolExecutor.runWorker(Unknown Source)
	at java.util.concurrent.ThreadPoolExecutor$Worker.run(Unknown Source)
	at java.lang.Thread.run(Unknown Source)
</pre></div></td>
<td>0</td>
<td>null</td></tr>
</table><p>
<table width='100%' border='1' class='invocation-skipped'>
<tr><td colspan='4' align='center'><b>SKIPPED TESTS</b></td></tr>
<tr><td><b>Test method</b></td>
<td width="30%"><b>Exception</b></td>
<td width="10%"><b>Time (seconds)</b></td>
<td><b>Instance</b></td>
</tr>
<tr>
<td title='Login.loginTest.testInvalidLogin()'><b>testInvalidLogin</b><br>Test class: Login.loginTest<br>Parameters: smurphy.qa@ingramcontent.com, Ingramqa1, Invalid password</td>
<td></td>
<td>0</td>
<td>Login.loginTest@271053e1</td></tr>
<tr>
<td title='Login.loginTest.testInvalidLogin()'><b>testInvalidLogin</b><br>Test class: Login.loginTest<br>Parameters: murphy.qa@ingramcontent.com, Ingramqa!1, Wrong Email</td>
<td></td>
<td>0</td>
<td>Login.loginTest@271053e1</td></tr>
<tr>
<td title='Login.loginTest.testInvalidLogin()'><b>testInvalidLogin</b><br>Test class: Login.loginTest<br>Parameters: murphy.qa@ingramcontent.com, Ingramqa1, Wrong Email and PW</td>
<td></td>
<td>0</td>
<td>Login.loginTest@271053e1</td></tr>
<tr>
<td title='Login.loginTest.testInvalidLogin()'><b>testInvalidLogin</b><br>Test class: Login.loginTest<br>Parameters: , , Empty email and password</td>
<td></td>
<td>0</td>
<td>Login.loginTest@271053e1</td></tr>
<tr>
<td title='Login.loginTest.testInvalidLogin()'><b>testInvalidLogin</b><br>Test class: Login.loginTest<br>Parameters: smurphy.qa@ingramcontent.com, , Empty Password</td>
<td></td>
<td>0</td>
<td>Login.loginTest@271053e1</td></tr>
<tr>
<td title='Login.loginTest.testInvalidLogin()'><b>testInvalidLogin</b><br>Test class: Login.loginTest<br>Parameters: , Ingramqa!1, empty email</td>
<td></td>
<td>0</td>
<td>Login.loginTest@271053e1</td></tr>
<tr>
<td title='Login.loginTest.testInvalidLogin()'><b>testInvalidLogin</b><br>Test class: Login.loginTest<br>Parameters: SMURPHY.QA@INGRAMCONTENT.COM, Ingramqa!1, Email on CAPS</td>
<td></td>
<td>0</td>
<td>Login.loginTest@271053e1</td></tr>
<tr>
<td title='Login.loginTest.testInvalidLogin()'><b>testInvalidLogin</b><br>Test class: Login.loginTest<br>Parameters: smurphy.qa@ingramcontent.com, INGRAMQA!1, Password on CAPS</td>
<td></td>
<td>0</td>
<td>Login.loginTest@271053e1</td></tr>
<tr>
<td title='Login.loginTest.testInvalidLogin()'><b>testInvalidLogin</b><br>Test class: Login.loginTest<br>Parameters: SMURPHY.QA@INGRAMCONTENT.COM, INGRAMQA!1, Email and PW on CAPS</td>
<td></td>
<td>0</td>
<td>Login.loginTest@271053e1</td></tr>
<tr>
<td title='Login.loginTest.testInvalidLogin()'><b>testInvalidLogin</b><br>Test class: Login.loginTest<br>Parameters: smurph y.qa@ingramcontent.com, Ingramqa!1, Email with a space anywhere in the middle</td>
<td></td>
<td>0</td>
<td>Login.loginTest@271053e1</td></tr>
<tr>
<td title='Login.loginTest.testInvalidLogin()'><b>testInvalidLogin</b><br>Test class: Login.loginTest<br>Parameters: smurphy.qa@ingramcontent.com, Ingram qa!1, Password with a space anywhere in the middle</td>
<td></td>
<td>0</td>
<td>Login.loginTest@271053e1</td></tr>
<tr>
<td title='Login.loginTest.testInvalidLogin()'><b>testInvalidLogin</b><br>Test class: Login.loginTest<br>Parameters: smurphy.qa@ingramcontent.com , Ingramqa!1, Email with a space at the very end</td>
<td></td>
<td>0</td>
<td>Login.loginTest@271053e1</td></tr>
<tr>
<td title='Login.loginTest.testInvalidLogin()'><b>testInvalidLogin</b><br>Test class: Login.loginTest<br>Parameters: smurphy.qa@ingramcontent.com, Ingramqa!1 , Password with a space at the very end</td>
<td></td>
<td>0</td>
<td>Login.loginTest@271053e1</td></tr>
<tr>
<td title='Login.loginTest.testInvalidLogin()'><b>testInvalidLogin</b><br>Test class: Login.loginTest<br>Parameters: smurphy.qa@ingramcontent.com , Ingramqa!1 , Email and Password with a space at the very end</td>
<td></td>
<td>0</td>
<td>Login.loginTest@271053e1</td></tr>
<tr>
<td title='Login.loginTest.testInvalidLogin()'><b>testInvalidLogin</b><br>Test class: Login.loginTest<br>Parameters:  smurphy.qa@ingramcontent.com, Ingramqa!1, Email with a space at the very beginning</td>
<td></td>
<td>0</td>
<td>Login.loginTest@271053e1</td></tr>
<tr>
<td title='Login.loginTest.testInvalidLogin()'><b>testInvalidLogin</b><br>Test class: Login.loginTest<br>Parameters: smurphy.qa@ingramcontent.com,  Ingramqa!1, Password with a space at the very beginning</td>
<td></td>
<td>0</td>
<td>Login.loginTest@271053e1</td></tr>
<tr>
<td title='Login.loginTest.testInvalidLogin()'><b>testInvalidLogin</b><br>Test class: Login.loginTest<br>Parameters:  smurphy.qa@ingramcontent.com,  Ingramqa!1, Email and Password both with a space at the very beginning</td>
<td></td>
<td>0</td>
<td>Login.loginTest@271053e1</td></tr>
<tr>
<td title='Login.loginTest.testInvalidLogin()'><b>testInvalidLogin</b><br>Test class: Login.loginTest<br>Parameters: Smurphy.qa@ingramcontent.com, Ingramqa!1, Email with first character in CAPS</td>
<td></td>
<td>0</td>
<td>Login.loginTest@271053e1</td></tr>
<tr>
<td title='Login.loginTest.testInvalidLogin()'><b>testInvalidLogin</b><br>Test class: Login.loginTest<br>Parameters: smurphy.qa@ingramcontent.com, ingramqa!1, Password with first character not in CAPS</td>
<td></td>
<td>0</td>
<td>Login.loginTest@271053e1</td></tr>
<tr>
<td title='Login.loginTest.testInvalidLogin()'><b>testInvalidLogin</b><br>Test class: Login.loginTest<br>Parameters: Roopa.adari@ingramcontent.com, ingramqa!1, Email with first character in CAPS but Password not in CAPS</td>
<td></td>
<td>0</td>
<td>Login.loginTest@271053e1</td></tr>
<tr>
<td title='Login.loginTest.testValidLogin()'><b>testValidLogin</b><br>Test class: Login.loginTest</td>
<td></td>
<td>0</td>
<td>Login.loginTest@271053e1</td></tr>
</table><p>
</body>
</html>